2024-11-07 05:52:12,339 - __main__ - INFO - Loading AI models...
2024-11-07 05:52:17,828 - __main__ - INFO - Models loaded successfully. Using device: cpu
2024-11-07 05:52:17,828 - __main__ - INFO - Connecting to MongoDB...
2024-11-07 05:52:21,998 - __main__ - INFO - MongoDB connected successfully
2024-11-07 05:52:22,037 - werkzeug - INFO - [31m[1mWARNING: This is a development server. Do not use it in a production deployment. Use a production WSGI server instead.[0m
 * Running on http://127.0.0.1:5000
2024-11-07 05:52:22,040 - werkzeug - INFO - [33mPress CTRL+C to quit[0m
2024-11-07 05:52:22,040 - werkzeug - INFO -  * Restarting with stat
2024-11-07 05:52:29,607 - __main__ - INFO - Loading AI models...
2024-11-07 05:52:35,935 - __main__ - INFO - Models loaded successfully. Using device: cpu
2024-11-07 05:52:35,964 - __main__ - INFO - Connecting to MongoDB...
2024-11-07 05:52:40,189 - __main__ - INFO - MongoDB connected successfully
2024-11-07 05:52:40,220 - werkzeug - WARNING -  * Debugger is active!
2024-11-07 05:52:40,220 - werkzeug - INFO -  * Debugger PIN: 102-219-790
2024-11-07 05:52:42,672 - werkzeug - INFO - 127.0.0.1 - - [07/Nov/2024 05:52:42] "GET / HTTP/1.1" 200 -
2024-11-07 05:52:45,644 - werkzeug - INFO - 127.0.0.1 - - [07/Nov/2024 05:52:45] "[33mGET /static-demo HTTP/1.1[0m" 404 -
2024-11-07 06:03:03,385 - __main__ - INFO - Loading AI models...
2024-11-07 06:03:09,596 - __main__ - INFO - Models loaded successfully. Using device: cpu
2024-11-07 06:03:09,596 - __main__ - INFO - Connecting to MongoDB...
2024-11-07 06:03:13,760 - __main__ - INFO - MongoDB connected successfully
2024-11-07 06:03:13,797 - werkzeug - INFO - [31m[1mWARNING: This is a development server. Do not use it in a production deployment. Use a production WSGI server instead.[0m
 * Running on http://127.0.0.1:5000
2024-11-07 06:03:13,800 - werkzeug - INFO - [33mPress CTRL+C to quit[0m
2024-11-07 06:03:13,803 - werkzeug - INFO -  * Restarting with stat
2024-11-07 06:03:20,964 - __main__ - INFO - Loading AI models...
2024-11-07 06:03:26,492 - __main__ - INFO - Models loaded successfully. Using device: cpu
2024-11-07 06:03:26,492 - __main__ - INFO - Connecting to MongoDB...
2024-11-07 06:03:30,685 - __main__ - INFO - MongoDB connected successfully
2024-11-07 06:03:30,702 - werkzeug - WARNING -  * Debugger is active!
2024-11-07 06:03:30,702 - werkzeug - INFO -  * Debugger PIN: 102-219-790
2024-11-07 06:03:33,542 - werkzeug - INFO - 127.0.0.1 - - [07/Nov/2024 06:03:33] "GET / HTTP/1.1" 200 -
2024-11-07 06:03:35,831 - werkzeug - INFO - 127.0.0.1 - - [07/Nov/2024 06:03:35] "[33mGET /static-demo HTTP/1.1[0m" 404 -
2024-11-07 06:06:49,482 - werkzeug - INFO -  * Detected change in 'C:\\Users\\junji\\Downloads\\summarization113\\summarization\\app.py', reloading
2024-11-07 06:06:50,967 - werkzeug - INFO -  * Restarting with stat
